

Microchip Technology PIC18 LITE Macro Assembler V1.44 build -154322312 
                                                                                               Thu Dec 14 17:34:05 2017

Microchip Technology Omniscient Code Generator v1.44 (Free mode) build 201709140600
     1                           	processor	18F25K80
     2                           	fnconf	rparam,??,?,0
     3                           	opt	pw 120
     4                           	opt	lm
     5                           	psect	cinit,global,reloc=2,class=CODE,delta=1
     6                           	psect	cstackCOMRAM,global,class=COMRAM,space=1,delta=1,noexec
     7                           	psect	text0,global,reloc=2,class=CODE,delta=1
     8                           	psect	text1,global,reloc=2,class=CODE,delta=1
     9                           	psect	text2,global,reloc=2,class=CODE,delta=1
    10                           	psect	text3,global,reloc=2,class=CODE,delta=1
    11                           	psect	intsave_regs,global,class=BIGRAM,space=1,delta=1,noexec
    12                           	psect	rparam,global,class=COMRAM,space=1,delta=1,noexec
    13  0000                     
    14                           ; Version 1.44
    15                           ; Generated 14/09/2017 GMT
    16                           ; 
    17                           ; Copyright © 2017, Microchip Technology Inc. and its subsidiaries ("Microchip")
    18                           ; All rights reserved.
    19                           ; 
    20                           ; This software is developed by Microchip Technology Inc. and its subsidiaries ("Microch
      +                          ip").
    21                           ; 
    22                           ; Redistribution and use in source and binary forms, with or without modification, are
    23                           ; permitted provided that the following conditions are met:
    24                           ; 
    25                           ;     1. Redistributions of source code must retain the above copyright notice, this lis
      +                          t of
    26                           ;        conditions and the following disclaimer.
    27                           ; 
    28                           ;     2. Redistributions in binary form must reproduce the above copyright notice, this 
      +                          list
    29                           ;        of conditions and the following disclaimer in the documentation and/or other
    30                           ;        materials provided with the distribution.
    31                           ; 
    32                           ;     3. Microchip's name may not be used to endorse or promote products derived from th
      +                          is
    33                           ;        software without specific prior written permission.
    34                           ; 
    35                           ; THIS SOFTWARE IS PROVIDED BY MICROCHIP "AS IS" AND ANY EXPRESS OR IMPLIED WARRANTIES,
    36                           ; INCLUDING, BUT NOT LIMITED TO, THE IMPLIED WARRANTIES OF MERCHANTABILITY AND FITNESS F
      +                          OR
    37                           ; PURPOSE ARE DISCLAIMED.  IN NO EVENT SHALL MICROCHIP BE LIABLE FOR ANY DIRECT, INDIREC
      +                          T,
    38                           ; INCIDENTAL, SPECIAL, EXEMPLARY, OR CONSEQUENTIAL DAMAGES (INCLUDING BUT NOT LIMITED TO
    39                           ; PROCUREMENT OF SUBSTITUTE GOODS OR SERVICES; LOSS OF USE, DATA OR PROFITS; OR BUSINESS
    40                           ; INTERRUPTION) HOWSOEVER CAUSED AND ON ANY THEORY OF LIABILITY, WHETHER IN CONTRACT, ST
      +                          RICT
    41                           ; LIABILITY, OR TORT (INCLUDING NEGLIGENCE OR OTHERWISE) ARISING IN ANY WAY OUT OF THE U
      +                          SE OF
    42                           ; THIS SOFTWARE, EVEN IF ADVISED OF THE POSSIBILITY OF SUCH DAMAGE.
    43                           ; 
    44                           ; 
    45                           ; Code-generator required, PIC18F25K80 Definitions
    46                           ; 
    47                           ; SFR Addresses
    48  0000                     _PORTBbits	set	3969
    49  0000                     _TRISBbits	set	3987
    50                           
    51                           ; #config settings
    52  0000                     
    53                           	psect	cinit
    54  007FD4                     __pcinit:
    55                           	opt stack 0
    56  007FD4                     start_initialization:
    57                           	opt stack 0
    58  007FD4                     __initialization:
    59                           	opt stack 0
    60  007FD4                     end_of_initialization:
    61                           	opt stack 0
    62  007FD4                     __end_of__initialization:
    63                           	opt stack 0
    64  007FD4  0100               	movlb	0
    65  007FD6  EFED  F03F         	goto	_main	;jump to C main() function
    66                           
    67                           	psect	cstackCOMRAM
    68  000001                     __pcstackCOMRAM:
    69                           	opt stack 0
    70  000001                     
    71                           ; 2 bytes @ 0x0
    72  000001                     	ds	2
    73  000003                     
    74                           ; 3 bytes @ 0x2
    75  000003                     	ds	3
    76  000006                     main@myWord:
    77                           	opt stack 0
    78                           
    79                           ; 2 bytes @ 0x5
    80  000006                     	ds	2
    81                           
    82 ;;
    83 ;;Main: autosize = 0, tempsize = 0, incstack = 0, save=0
    84 ;;
    85 ;; *************** function _main *****************
    86 ;; Defined at:
    87 ;;		line 17 in file "main.c"
    88 ;; Parameters:    Size  Location     Type
    89 ;;  argc            2    0[COMRAM] int 
    90 ;;  argv            3    2[COMRAM] PTR PTR unsigned char 
    91 ;; Auto vars:     Size  Location     Type
    92 ;;  myWord          2    5[COMRAM] unsigned int 
    93 ;;  myByte          1    0        unsigned char 
    94 ;; Return value:  Size  Location     Type
    95 ;;                  2    0[COMRAM] int 
    96 ;; Registers used:
    97 ;;		wreg, status,2, status,0, cstack
    98 ;; Tracked objects:
    99 ;;		On entry : 0/0
   100 ;;		On exit  : 0/0
   101 ;;		Unchanged: 0/0
   102 ;; Data sizes:     COMRAM   BANK0   BANK1   BANK2   BANK3   BANK4   BANK5   BANK6   BANK7   BANK8   BANK9  BANK10  BANK1
      +1  BANK12  BANK13  BANK14
   103 ;;      Params:         5       0       0       0       0       0       0       0       0       0       0       0       
      +0       0       0       0
   104 ;;      Locals:         2       0       0       0       0       0       0       0       0       0       0       0       
      +0       0       0       0
   105 ;;      Temps:          0       0       0       0       0       0       0       0       0       0       0       0       
      +0       0       0       0
   106 ;;      Totals:         7       0       0       0       0       0       0       0       0       0       0       0       
      +0       0       0       0
   107 ;;Total ram usage:        7 bytes
   108 ;; Hardware stack levels required when called:    1
   109 ;; This function calls:
   110 ;;		_blinkLed
   111 ;;		_initCan
   112 ;;		_initGpio
   113 ;; This function is called by:
   114 ;;		Startup code after reset
   115 ;; This function uses a non-reentrant model
   116 ;;
   117                           
   118                           	psect	text0
   119  007FDA                     __ptext0:
   120                           	opt stack 0
   121  007FDA                     _main:
   122                           	opt stack 30
   123                           
   124                           ;main.c: 18: uint8_t myByte;
   125                           ;main.c: 19: uint16_t myWord;
   126                           ;main.c: 21: initGpio();
   127                           
   128                           ;incstack = 0
   129  007FDA  ECE7  F03F         	call	_initGpio	;wreg free
   130                           
   131                           ;main.c: 22: initCan();
   132  007FDE  ECE4  F03F         	call	_initCan	;wreg free
   133  007FE2                     
   134                           ;main.c: 25: myWord++;
   135  007FE2  4A06               	infsnz	main@myWord,f,c
   136  007FE4  2A07               	incf	main@myWord+1,f,c
   137                           
   138                           ;main.c: 26: if(myWord > 5000){
   139  007FE6  0E89               	movlw	137
   140  007FE8  5C06               	subwf	main@myWord,w,c
   141  007FEA  0E13               	movlw	19
   142  007FEC  5807               	subwfb	main@myWord+1,w,c
   143  007FEE  A0D8               	btfss	status,0,c
   144  007FF0  D7F8               	goto	l11
   145                           
   146                           ;main.c: 27: myWord = 0;
   147  007FF2  0E00               	movlw	0
   148  007FF4  6E07               	movwf	main@myWord+1,c
   149  007FF6  0E00               	movlw	0
   150  007FF8  6E06               	movwf	main@myWord,c
   151                           
   152                           ;main.c: 28: blinkLed();
   153  007FFA  ECE5  F03F         	call	_blinkLed	;wreg free
   154  007FFE  D7F1               	goto	l11
   155  008000                     __end_of_main:
   156                           	opt stack 0
   157                           status	equ	0xFD8
   158                           
   159 ;; *************** function _initGpio *****************
   160 ;; Defined at:
   161 ;;		line 6 in file "gpio.c"
   162 ;; Parameters:    Size  Location     Type
   163 ;;		None
   164 ;; Auto vars:     Size  Location     Type
   165 ;;		None
   166 ;; Return value:  Size  Location     Type
   167 ;;                  1    wreg      void 
   168 ;; Registers used:
   169 ;;		None
   170 ;; Tracked objects:
   171 ;;		On entry : 0/0
   172 ;;		On exit  : 0/0
   173 ;;		Unchanged: 0/0
   174 ;; Data sizes:     COMRAM   BANK0   BANK1   BANK2   BANK3   BANK4   BANK5   BANK6   BANK7   BANK8   BANK9  BANK10  BANK1
      +1  BANK12  BANK13  BANK14
   175 ;;      Params:         0       0       0       0       0       0       0       0       0       0       0       0       
      +0       0       0       0
   176 ;;      Locals:         0       0       0       0       0       0       0       0       0       0       0       0       
      +0       0       0       0
   177 ;;      Temps:          0       0       0       0       0       0       0       0       0       0       0       0       
      +0       0       0       0
   178 ;;      Totals:         0       0       0       0       0       0       0       0       0       0       0       0       
      +0       0       0       0
   179 ;;Total ram usage:        0 bytes
   180 ;; Hardware stack levels used:    1
   181 ;; This function calls:
   182 ;;		Nothing
   183 ;; This function is called by:
   184 ;;		_main
   185 ;; This function uses a non-reentrant model
   186 ;;
   187                           
   188                           	psect	text1
   189  007FCE                     __ptext1:
   190                           	opt stack 0
   191  007FCE                     _initGpio:
   192                           	opt stack 30
   193                           
   194                           ;gpio.c: 8: TRISBbits.TRISB5 = 0;
   195                           
   196                           ;incstack = 0
   197  007FCE  9A93               	bcf	3987,5,c	;volatile
   198                           
   199                           ;gpio.c: 9: PORTBbits.RB5 = 1;
   200  007FD0  8A81               	bsf	3969,5,c	;volatile
   201  007FD2  0012               	return		;funcret
   202  007FD4                     __end_of_initGpio:
   203                           	opt stack 0
   204                           status	equ	0xFD8
   205                           
   206 ;; *************** function _initCan *****************
   207 ;; Defined at:
   208 ;;		line 5 in file "can.c"
   209 ;; Parameters:    Size  Location     Type
   210 ;;		None
   211 ;; Auto vars:     Size  Location     Type
   212 ;;		None
   213 ;; Return value:  Size  Location     Type
   214 ;;                  1    wreg      void 
   215 ;; Registers used:
   216 ;;		None
   217 ;; Tracked objects:
   218 ;;		On entry : 0/0
   219 ;;		On exit  : 0/0
   220 ;;		Unchanged: 0/0
   221 ;; Data sizes:     COMRAM   BANK0   BANK1   BANK2   BANK3   BANK4   BANK5   BANK6   BANK7   BANK8   BANK9  BANK10  BANK1
      +1  BANK12  BANK13  BANK14
   222 ;;      Params:         0       0       0       0       0       0       0       0       0       0       0       0       
      +0       0       0       0
   223 ;;      Locals:         0       0       0       0       0       0       0       0       0       0       0       0       
      +0       0       0       0
   224 ;;      Temps:          0       0       0       0       0       0       0       0       0       0       0       0       
      +0       0       0       0
   225 ;;      Totals:         0       0       0       0       0       0       0       0       0       0       0       0       
      +0       0       0       0
   226 ;;Total ram usage:        0 bytes
   227 ;; Hardware stack levels used:    1
   228 ;; This function calls:
   229 ;;		Nothing
   230 ;; This function is called by:
   231 ;;		_main
   232 ;; This function uses a non-reentrant model
   233 ;;
   234                           
   235                           	psect	text2
   236  007FC8                     __ptext2:
   237                           	opt stack 0
   238  007FC8                     _initCan:
   239                           	opt stack 30
   240                           
   241                           ;incstack = 0
   242  007FC8  0012               	return		;funcret
   243  007FCA                     __end_of_initCan:
   244                           	opt stack 0
   245                           status	equ	0xFD8
   246                           
   247 ;; *************** function _blinkLed *****************
   248 ;; Defined at:
   249 ;;		line 12 in file "gpio.c"
   250 ;; Parameters:    Size  Location     Type
   251 ;;		None
   252 ;; Auto vars:     Size  Location     Type
   253 ;;		None
   254 ;; Return value:  Size  Location     Type
   255 ;;                  1    wreg      void 
   256 ;; Registers used:
   257 ;;		wreg, status,2, status,0
   258 ;; Tracked objects:
   259 ;;		On entry : 0/0
   260 ;;		On exit  : 0/0
   261 ;;		Unchanged: 0/0
   262 ;; Data sizes:     COMRAM   BANK0   BANK1   BANK2   BANK3   BANK4   BANK5   BANK6   BANK7   BANK8   BANK9  BANK10  BANK1
      +1  BANK12  BANK13  BANK14
   263 ;;      Params:         0       0       0       0       0       0       0       0       0       0       0       0       
      +0       0       0       0
   264 ;;      Locals:         0       0       0       0       0       0       0       0       0       0       0       0       
      +0       0       0       0
   265 ;;      Temps:          0       0       0       0       0       0       0       0       0       0       0       0       
      +0       0       0       0
   266 ;;      Totals:         0       0       0       0       0       0       0       0       0       0       0       0       
      +0       0       0       0
   267 ;;Total ram usage:        0 bytes
   268 ;; Hardware stack levels used:    1
   269 ;; This function calls:
   270 ;;		Nothing
   271 ;; This function is called by:
   272 ;;		_main
   273 ;; This function uses a non-reentrant model
   274 ;;
   275                           
   276                           	psect	text3
   277  007FCA                     __ptext3:
   278                           	opt stack 0
   279  007FCA                     _blinkLed:
   280                           	opt stack 30
   281                           
   282                           ;gpio.c: 13: PORTBbits.RB5 ^= 1;
   283                           
   284                           ;incstack = 0
   285  007FCA  7A81               	btg	3969,5,c	;volatile
   286  007FCC  0012               	return		;funcret
   287  007FCE                     __end_of_blinkLed:
   288                           	opt stack 0
   289  0000                     status	equ	0xFD8
   290                           status	equ	0xFD8
   291                           
   292                           	psect	rparam
   293  0000                     status	equ	0xFD8


Data Sizes:
    Strings     0
    Constant    0
    Data        0
    BSS         0
    Persistent  0
    Stack       0

Auto Spaces:
    Space          Size  Autos    Used
    COMRAM           95      7       7
    BANK0           160      0       0
    BANK1           256      0       0
    BANK2           256      0       0
    BANK3           256      0       0
    BANK4           256      0       0
    BANK5           256      0       0
    BANK6           256      0       0
    BANK7           256      0       0
    BANK8           256      0       0
    BANK9           256      0       0
    BANK10          256      0       0
    BANK11          256      0       0
    BANK12          256      0       0
    BANK13          256      0       0
    BANK14           65      0       0

Pointer List with Targets:

    None.

Critical Paths under _main in COMRAM

    None.

Critical Paths under _main in BANK0

    None.

Critical Paths under _main in BANK1

    None.

Critical Paths under _main in BANK2

    None.

Critical Paths under _main in BANK3

    None.

Critical Paths under _main in BANK4

    None.

Critical Paths under _main in BANK5

    None.

Critical Paths under _main in BANK6

    None.

Critical Paths under _main in BANK7

    None.

Critical Paths under _main in BANK8

    None.

Critical Paths under _main in BANK9

    None.

Critical Paths under _main in BANK10

    None.

Critical Paths under _main in BANK11

    None.

Critical Paths under _main in BANK12

    None.

Critical Paths under _main in BANK13

    None.

Critical Paths under _main in BANK14

    None.

Call Graph Tables:

 ---------------------------------------------------------------------------------
 (Depth) Function   	        Calls       Base Space   Used Autos Params    Refs
 ---------------------------------------------------------------------------------
 (0) _main                                                 8     3      5      24
                                              0 COMRAM     7     2      5
                           _blinkLed
                            _initCan
                           _initGpio
 ---------------------------------------------------------------------------------
 (1) _initGpio                                             0     0      0       0
 ---------------------------------------------------------------------------------
 (1) _initCan                                              0     0      0       0
 ---------------------------------------------------------------------------------
 (1) _blinkLed                                             0     0      0       0
 ---------------------------------------------------------------------------------
 Estimated maximum stack depth 1
 ---------------------------------------------------------------------------------

 Call Graph Graphs:

 _main (ROOT)
   _blinkLed
   _initCan
   _initGpio

 Address spaces:
Name               Size   Autos  Total    Cost      Usage
BITCOMRAM           5F      0       0       0        0.0%
EEDATA             400      0       0       0        0.0%
NULL                 0      0       0       0        0.0%
CODE                 0      0       0       0        0.0%
COMRAM              5F      7       7       1        7.4%
STACK                0      0       0       2        0.0%
DATA                 0      0       0       3        0.0%
BITBANK0            A0      0       0       4        0.0%
BANK0               A0      0       0       5        0.0%
ABS                  0      0       0       6        0.0%
BITBANK1           100      0       0       7        0.0%
BANK1              100      0       0       8        0.0%
BITBANK2           100      0       0       9        0.0%
BANK2              100      0       0      10        0.0%
BITBANK3           100      0       0      11        0.0%
BANK3              100      0       0      12        0.0%
BITBANK4           100      0       0      13        0.0%
BANK4              100      0       0      14        0.0%
BITBANK5           100      0       0      15        0.0%
BANK5              100      0       0      16        0.0%
BITBANK6           100      0       0      17        0.0%
BANK6              100      0       0      18        0.0%
BITBANK7           100      0       0      19        0.0%
BANK7              100      0       0      20        0.0%
BITBANK8           100      0       0      21        0.0%
BANK8              100      0       0      22        0.0%
BITBANK9           100      0       0      23        0.0%
BANK9              100      0       0      24        0.0%
BITBANK10          100      0       0      25        0.0%
BANK10             100      0       0      26        0.0%
BITBANK11          100      0       0      27        0.0%
BANK11             100      0       0      28        0.0%
BITBANK12          100      0       0      29        0.0%
BANK12             100      0       0      30        0.0%
BITBANK13          100      0       0      31        0.0%
BANK13             100      0       0      32        0.0%
BITBANK14           41      0       0      33        0.0%
BANK14              41      0       0      34        0.0%
BIGRAM             E40      0       0      35        0.0%
BITSFR_2             0      0       0     200        0.0%
SFR_2                0      0       0     200        0.0%
BITSFR_1             0      0       0     200        0.0%
SFR_1                0      0       0     200        0.0%
BITSFR               0      0       0     200        0.0%
SFR                  0      0       0     200        0.0%


Microchip Technology PIC18 Macro Assembler V1.44 build -154322312 
Symbol Table                                                                                   Thu Dec 14 17:34:05 2017

                     l11 7FE2              __CFG_BORV$3 000000             __CFG_CP0$OFF 000000  
           __CFG_CP1$OFF 000000             __CFG_CP2$OFF 000000             __CFG_CP3$OFF 000000  
           __CFG_CPB$OFF 000000             __CFG_CPD$OFF 000000                     _main 7FDA  
                   start 0002            __CFG_IESO$OFF 000000            __CFG_MCLRE$ON 000000  
           ___param_bank 000000                    ?_main 0001            __CFG_WRT0$OFF 000000  
          __CFG_WRT1$OFF 000000            __CFG_WRT2$OFF 000000            __CFG_WRT3$OFF 000000  
         __CFG_EBTR0$OFF 000000           __CFG_FCMEN$OFF 000000           __CFG_EBTR1$OFF 000000  
         __CFG_EBTR2$OFF 000000           __CFG_EBTR3$OFF 000000            __CFG_WRTB$OFF 000000  
          __CFG_WRTC$OFF 000000            __CFG_WRTD$OFF 000000           __CFG_EBTRB$OFF 000000  
        __end_of_initCan 7FCA                    status 000FD8          __initialization 7FD4  
           __end_of_main 8000                   ??_main 0006            __activetblptr 000000  
         __CFG_PLLCFG$ON 000000           __CFG_RETEN$OFF 000000          __CFG_BBSIZ$BB2K 000000  
         __CFG_WDTEN$OFF 000000         __end_of_blinkLed 7FCE           __CFG_XINST$OFF 000000  
         __CFG_STVREN$ON 000000         __end_of_initGpio 7FD4                ??_initCan 0001  
             __accesstop 0060  __end_of__initialization 7FD4            ___rparam_used 000001  
         __pcstackCOMRAM 0001         __CFG_CANMX$PORTB 000000                ?_blinkLed 0001  
              ?_initGpio 0001          __CFG_PWRTEN$OFF 000000                  __Hparam 0000  
                __Lparam 0000                  __pcinit 7FD4                  __ramtop 0F00  
                __ptext0 7FDA                  __ptext1 7FCE                  __ptext2 7FC8  
                __ptext3 7FCA                  _initCan 7FC8        __CFG_MSSPMSK$MSK7 000000  
             ??_blinkLed 0001     end_of_initialization 7FD4               ??_initGpio 0001  
              _PORTBbits 000F81         __CFG_FOSC$INTIO2 000000                _TRISBbits 000F93  
      __CFG_SOSCSEL$HIGH 000000               main@myWord 0006      start_initialization 7FD4  
      __size_of_blinkLed 0004        __size_of_initGpio 0006                 ?_initCan 0001  
               __Hrparam 0000                 __Lrparam 0000       __CFG_BOREN$SBORDIS 000000  
       __size_of_initCan 0002                 _blinkLed 7FCA                 _initGpio 7FCE  
          __size_of_main 0026                 main@argc 0001                 main@argv 0003  
    __CFG_INTOSCSEL$HIGH 000000       __CFG_WDTPS$1048576 000000      __CFG_BORPWR$ZPBORMV 000000  
